Determining if the pthread_create exist failed with the following output:
Change Dir: /home/rodrigo/TESINA-2016-KINECT/MACHINE_LEARNING/clasificadorFallas/CMakeFiles/CMakeTmp

Run Build Command:"/usr/bin/make" "cmTC_dce5d/fast"
/usr/bin/make -f CMakeFiles/cmTC_dce5d.dir/build.make CMakeFiles/cmTC_dce5d.dir/build
make[1]: se entra en el directorio '/home/rodrigo/TESINA-2016-KINECT/MACHINE_LEARNING/clasificadorFallas/CMakeFiles/CMakeTmp'
Building C object CMakeFiles/cmTC_dce5d.dir/CheckSymbolExists.c.o
/usr/bin/cc     -o CMakeFiles/cmTC_dce5d.dir/CheckSymbolExists.c.o   -c /home/rodrigo/TESINA-2016-KINECT/MACHINE_LEARNING/clasificadorFallas/CMakeFiles/CMakeTmp/CheckSymbolExists.c
Linking C executable cmTC_dce5d
/usr/bin/cmake -E cmake_link_script CMakeFiles/cmTC_dce5d.dir/link.txt --verbose=1
/usr/bin/cc       CMakeFiles/cmTC_dce5d.dir/CheckSymbolExists.c.o  -o cmTC_dce5d -rdynamic 
CMakeFiles/cmTC_dce5d.dir/CheckSymbolExists.c.o: En la función `main':
CheckSymbolExists.c:(.text+0x16): referencia a `pthread_create' sin definir
collect2: error: ld returned 1 exit status
CMakeFiles/cmTC_dce5d.dir/build.make:97: fallo en las instrucciones para el objetivo 'cmTC_dce5d'
make[1]: *** [cmTC_dce5d] Error 1
make[1]: se sale del directorio '/home/rodrigo/TESINA-2016-KINECT/MACHINE_LEARNING/clasificadorFallas/CMakeFiles/CMakeTmp'
Makefile:126: fallo en las instrucciones para el objetivo 'cmTC_dce5d/fast'
make: *** [cmTC_dce5d/fast] Error 2

File /home/rodrigo/TESINA-2016-KINECT/MACHINE_LEARNING/clasificadorFallas/CMakeFiles/CMakeTmp/CheckSymbolExists.c:
/* */
#include <pthread.h>

int main(int argc, char** argv)
{
  (void)argv;
#ifndef pthread_create
  return ((int*)(&pthread_create))[argc];
#else
  (void)argc;
  return 0;
#endif
}

Determining if the function pthread_create exists in the pthreads failed with the following output:
Change Dir: /home/rodrigo/TESINA-2016-KINECT/MACHINE_LEARNING/clasificadorFallas/CMakeFiles/CMakeTmp

Run Build Command:"/usr/bin/make" "cmTC_02dfc/fast"
/usr/bin/make -f CMakeFiles/cmTC_02dfc.dir/build.make CMakeFiles/cmTC_02dfc.dir/build
make[1]: se entra en el directorio '/home/rodrigo/TESINA-2016-KINECT/MACHINE_LEARNING/clasificadorFallas/CMakeFiles/CMakeTmp'
Building C object CMakeFiles/cmTC_02dfc.dir/CheckFunctionExists.c.o
/usr/bin/cc    -DCHECK_FUNCTION_EXISTS=pthread_create   -o CMakeFiles/cmTC_02dfc.dir/CheckFunctionExists.c.o   -c /usr/share/cmake-3.5/Modules/CheckFunctionExists.c
Linking C executable cmTC_02dfc
/usr/bin/cmake -E cmake_link_script CMakeFiles/cmTC_02dfc.dir/link.txt --verbose=1
/usr/bin/cc   -DCHECK_FUNCTION_EXISTS=pthread_create    CMakeFiles/cmTC_02dfc.dir/CheckFunctionExists.c.o  -o cmTC_02dfc -rdynamic -lpthreads 
/usr/bin/ld: no se puede encontrar -lpthreads
collect2: error: ld returned 1 exit status
CMakeFiles/cmTC_02dfc.dir/build.make:97: fallo en las instrucciones para el objetivo 'cmTC_02dfc'
make[1]: *** [cmTC_02dfc] Error 1
make[1]: se sale del directorio '/home/rodrigo/TESINA-2016-KINECT/MACHINE_LEARNING/clasificadorFallas/CMakeFiles/CMakeTmp'
Makefile:126: fallo en las instrucciones para el objetivo 'cmTC_02dfc/fast'
make: *** [cmTC_02dfc/fast] Error 2


