Determining if the pthread_create exist failed with the following output:
Change Dir: /home/rodrigo/TESINA-2016-KINECT/MACHINE_LEARNING/clasificadorFallas/build/CMakeFiles/CMakeTmp

Run Build Command:"/usr/bin/make" "cmTC_33dcb/fast"
/usr/bin/make -f CMakeFiles/cmTC_33dcb.dir/build.make CMakeFiles/cmTC_33dcb.dir/build
make[1]: se entra en el directorio '/home/rodrigo/TESINA-2016-KINECT/MACHINE_LEARNING/clasificadorFallas/build/CMakeFiles/CMakeTmp'
Building C object CMakeFiles/cmTC_33dcb.dir/CheckSymbolExists.c.o
/usr/bin/cc     -o CMakeFiles/cmTC_33dcb.dir/CheckSymbolExists.c.o   -c /home/rodrigo/TESINA-2016-KINECT/MACHINE_LEARNING/clasificadorFallas/build/CMakeFiles/CMakeTmp/CheckSymbolExists.c
Linking C executable cmTC_33dcb
/usr/bin/cmake -E cmake_link_script CMakeFiles/cmTC_33dcb.dir/link.txt --verbose=1
/usr/bin/cc       CMakeFiles/cmTC_33dcb.dir/CheckSymbolExists.c.o  -o cmTC_33dcb -rdynamic 
CMakeFiles/cmTC_33dcb.dir/CheckSymbolExists.c.o: En la función `main':
CheckSymbolExists.c:(.text+0x16): referencia a `pthread_create' sin definir
collect2: error: ld returned 1 exit status
CMakeFiles/cmTC_33dcb.dir/build.make:97: fallo en las instrucciones para el objetivo 'cmTC_33dcb'
make[1]: *** [cmTC_33dcb] Error 1
make[1]: se sale del directorio '/home/rodrigo/TESINA-2016-KINECT/MACHINE_LEARNING/clasificadorFallas/build/CMakeFiles/CMakeTmp'
Makefile:126: fallo en las instrucciones para el objetivo 'cmTC_33dcb/fast'
make: *** [cmTC_33dcb/fast] Error 2

File /home/rodrigo/TESINA-2016-KINECT/MACHINE_LEARNING/clasificadorFallas/build/CMakeFiles/CMakeTmp/CheckSymbolExists.c:
/* */
#include <pthread.h>

int main(int argc, char** argv)
{
  (void)argv;
#ifndef pthread_create
  return ((int*)(&pthread_create))[argc];
#else
  (void)argc;
  return 0;
#endif
}

Determining if the function pthread_create exists in the pthreads failed with the following output:
Change Dir: /home/rodrigo/TESINA-2016-KINECT/MACHINE_LEARNING/clasificadorFallas/build/CMakeFiles/CMakeTmp

Run Build Command:"/usr/bin/make" "cmTC_d2911/fast"
/usr/bin/make -f CMakeFiles/cmTC_d2911.dir/build.make CMakeFiles/cmTC_d2911.dir/build
make[1]: se entra en el directorio '/home/rodrigo/TESINA-2016-KINECT/MACHINE_LEARNING/clasificadorFallas/build/CMakeFiles/CMakeTmp'
Building C object CMakeFiles/cmTC_d2911.dir/CheckFunctionExists.c.o
/usr/bin/cc    -DCHECK_FUNCTION_EXISTS=pthread_create   -o CMakeFiles/cmTC_d2911.dir/CheckFunctionExists.c.o   -c /usr/share/cmake-3.5/Modules/CheckFunctionExists.c
Linking C executable cmTC_d2911
/usr/bin/cmake -E cmake_link_script CMakeFiles/cmTC_d2911.dir/link.txt --verbose=1
/usr/bin/cc   -DCHECK_FUNCTION_EXISTS=pthread_create    CMakeFiles/cmTC_d2911.dir/CheckFunctionExists.c.o  -o cmTC_d2911 -rdynamic -lpthreads 
/usr/bin/ld: no se puede encontrar -lpthreads
collect2: error: ld returned 1 exit status
CMakeFiles/cmTC_d2911.dir/build.make:97: fallo en las instrucciones para el objetivo 'cmTC_d2911'
make[1]: *** [cmTC_d2911] Error 1
make[1]: se sale del directorio '/home/rodrigo/TESINA-2016-KINECT/MACHINE_LEARNING/clasificadorFallas/build/CMakeFiles/CMakeTmp'
Makefile:126: fallo en las instrucciones para el objetivo 'cmTC_d2911/fast'
make: *** [cmTC_d2911/fast] Error 2


